C:\USERS\WIN 8\DROPBOX\COLLABORATE\THAO\BTL2\BTL2\DEBUG\BTL2.EXE.INTERMEDIATE.MANIFEST
C:\Users\WIN 8\Dropbox\collaborate\thao\BTL2\BTL2\Debug\BTL2.vcxprojResolveAssemblyReference.cache
C:\Users\WIN 8\Dropbox\collaborate\thao\BTL2\BTL2\Debug\BTL2.write.1.tlog
C:\USERS\WIN 8\DROPBOX\COLLABORATE\THAO\BTL2\BTL2\DEBUG\CAPNHAT_FILE.OBJ
C:\Users\WIN 8\Dropbox\collaborate\thao\BTL2\BTL2\Debug\cl.command.1.tlog
C:\Users\WIN 8\Dropbox\collaborate\thao\BTL2\BTL2\Debug\CL.read.1.tlog
C:\Users\WIN 8\Dropbox\collaborate\thao\BTL2\BTL2\Debug\CL.write.1.tlog
C:\USERS\WIN 8\DROPBOX\COLLABORATE\THAO\BTL2\BTL2\DEBUG\CHUCNANG.OBJ
C:\USERS\WIN 8\DROPBOX\COLLABORATE\THAO\BTL2\BTL2\DEBUG\CHUCNANG_HIENTAI.OBJ
C:\USERS\WIN 8\DROPBOX\COLLABORATE\THAO\BTL2\BTL2\DEBUG\DANGKI_TAIKHOAN.OBJ
C:\USERS\WIN 8\DROPBOX\COLLABORATE\THAO\BTL2\BTL2\DEBUG\DANGNHAP.OBJ
C:\USERS\WIN 8\DROPBOX\COLLABORATE\THAO\BTL2\BTL2\DEBUG\DOCDULIEU.OBJ
C:\USERS\WIN 8\DROPBOX\COLLABORATE\THAO\BTL2\BTL2\DEBUG\DOI_MATKHAU.OBJ
C:\USERS\WIN 8\DROPBOX\COLLABORATE\THAO\BTL2\BTL2\DEBUG\FILE_CHUCNANG.OBJ
C:\USERS\WIN 8\DROPBOX\COLLABORATE\THAO\BTL2\BTL2\DEBUG\LICHSUDANGNHAP.OBJ
C:\Users\WIN 8\Dropbox\collaborate\thao\BTL2\BTL2\Debug\link.command.1.tlog
C:\Users\WIN 8\Dropbox\collaborate\thao\BTL2\BTL2\Debug\link.read.1.tlog
C:\Users\WIN 8\Dropbox\collaborate\thao\BTL2\BTL2\Debug\link.write.1.tlog
C:\USERS\WIN 8\DROPBOX\COLLABORATE\THAO\BTL2\BTL2\DEBUG\MAIN.OBJ
C:\Users\WIN 8\Dropbox\collaborate\thao\BTL2\BTL2\Debug\mt.command.1.tlog
C:\Users\WIN 8\Dropbox\collaborate\thao\BTL2\BTL2\Debug\mt.read.1.tlog
C:\Users\WIN 8\Dropbox\collaborate\thao\BTL2\BTL2\Debug\mt.write.1.tlog
C:\USERS\WIN 8\DROPBOX\COLLABORATE\THAO\BTL2\BTL2\DEBUG\SWITCH.OBJ
C:\USERS\WIN 8\DROPBOX\COLLABORATE\THAO\BTL2\BTL2\DEBUG\TUYCHON.OBJ
C:\USERS\WIN 8\DROPBOX\COLLABORATE\THAO\BTL2\BTL2\DEBUG\THONGTIN_CANHAN.OBJ
C:\USERS\WIN 8\DROPBOX\COLLABORATE\THAO\BTL2\BTL2\DEBUG\THU.OBJ
C:\Users\WIN 8\Dropbox\collaborate\thao\BTL2\BTL2\Debug\vc100.idb
C:\USERS\WIN 8\DROPBOX\COLLABORATE\THAO\BTL2\BTL2\DEBUG\VC100.PDB
C:\USERS\WIN 8\DROPBOX\COLLABORATE\THAO\BTL2\DEBUG\BTL2.EXE
C:\USERS\WIN 8\DROPBOX\COLLABORATE\THAO\BTL2\DEBUG\BTL2.ILK
C:\USERS\WIN 8\DROPBOX\COLLABORATE\THAO\BTL2\DEBUG\BTL2.PDB
