Build started 25/05/2017 10:27:10 CH.
     1>Project "C:\Users\WIN 8\Dropbox\collaborate\thao\BTL2\BTL2\BTL2.vcxproj" on node 2 (build target(s)).
     1>InitializeBuildStatus:
         Creating "Release\BTL2.unsuccessfulbuild" because "AlwaysCreate" was specified.
       ClCompile:
         C:\Program Files (x86)\Microsoft Visual Studio 10.0\VC\bin\CL.exe /c /Zi /nologo /W3 /WX- /O2 /Oi /Oy- /GL /D _MBCS /Gm- /EHsc /MD /GS /Gy /fp:precise /Zc:wchar_t /Zc:forScope /Fo"Release\\" /Fd"Release\vc100.pdb" /Gd /TP /analyze- /errorReport:prompt Switch.cpp
         Switch.cpp
       Link:
         C:\Program Files (x86)\Microsoft Visual Studio 10.0\VC\bin\link.exe /ERRORREPORT:PROMPT /OUT:"C:\Users\WIN 8\Dropbox\collaborate\thao\BTL2\Release\BTL2.exe" /NOLOGO kernel32.lib user32.lib gdi32.lib winspool.lib comdlg32.lib advapi32.lib shell32.lib ole32.lib oleaut32.lib uuid.lib odbc32.lib odbccp32.lib /MANIFEST /ManifestFile:"Release\BTL2.exe.intermediate.manifest" /MANIFESTUAC:"level='asInvoker' uiAccess='false'" /DEBUG /PDB:"C:\Users\WIN 8\Dropbox\collaborate\thao\BTL2\Release\BTL2.pdb" /OPT:REF /OPT:ICF /LTCG /TLBID:1 /DYNAMICBASE /NXCOMPAT /IMPLIB:"C:\Users\WIN 8\Dropbox\collaborate\thao\BTL2\Release\BTL2.lib" /MACHINE:X86 Release\Capnhat_file.obj
         Release\Chucnang.obj
         Release\Chucnang_hientai.obj
         Release\Dangki_taikhoan.obj
         Release\dangnhap.obj
         Release\Docdulieu.obj
         Release\Doi_matkhau.obj
         Release\file_chucnang.obj
         Release\main.obj
         Release\Switch.obj
         Release\thongtin_canhan.obj
         Release\Tuychon.obj
         Generating code
         Finished generating code
         BTL2.vcxproj -> C:\Users\WIN 8\Dropbox\collaborate\thao\BTL2\Release\BTL2.exe
       Manifest:
         C:\Program Files (x86)\Microsoft SDKs\Windows\v7.0A\bin\mt.exe /nologo /verbose /outputresource:"C:\Users\WIN 8\Dropbox\collaborate\thao\BTL2\Release\BTL2.exe;#1" /manifest Release\BTL2.exe.intermediate.manifest
       FinalizeBuildStatus:
         Deleting file "Release\BTL2.unsuccessfulbuild".
         Touching "Release\BTL2.lastbuildstate".
     1>Done Building Project "C:\Users\WIN 8\Dropbox\collaborate\thao\BTL2\BTL2\BTL2.vcxproj" (build target(s)).

Build succeeded.

Time Elapsed 00:00:04.13
